<?xml version="1.0" encoding="UTF-8"?>
<!-- Generated by org.testng.reporters.JUnitReportReporter -->
<testsuite hostname="SVINLP00304" name="com.TestNG.Ex1" tests="3" failures="0" timestamp="24 Jul 2020 15:20:13 GMT" time="0.021" errors="0">
  <testcase name="initializePassword" time="0.006" classname="com.TestNG.Ex1"/>
  <testcase name="signin" time="0.001" classname="com.TestNG.Ex1"/>
  <testcase name="initializeName" time="0.014" classname="com.TestNG.Ex1"/>
</testsuite> <!-- com.TestNG.Ex1 -->
